2015.12.22 09:14 B D:\webserver\apache-2_2\htdocs\sites\ciberhrm1\admin\js1\jquery.min.js <-- ciber /ciberhrm1/admin/js1 jquery.min.js
2015.12.22 09:14 B D:\webserver\apache-2_2\htdocs\sites\ciberhrm1\admin\js1\jquery.js <-- ciber /ciberhrm1/admin/js1 jquery.js
2015.12.22 09:14 B D:\webserver\apache-2_2\htdocs\sites\ciberhrm1\admin\js1\bootstrap.min.js <-- ciber /ciberhrm1/admin/js1 bootstrap.min.js
2015.12.22 09:14 B D:\webserver\apache-2_2\htdocs\sites\ciberhrm1\admin\js1\bootstrap.js <-- ciber /ciberhrm1/admin/js1 bootstrap.js
2015.12.24 23:01 B D:\webserver\apache-2_2\htdocs\sites2015\ghs_neethu\ciberhrm1\admin\js1\bootstrap.js --> ciber.ae /www/demo/ciberhrm11/admin/js1 bootstrap.js
2015.12.24 23:01 B D:\webserver\apache-2_2\htdocs\sites2015\ghs_neethu\ciberhrm1\admin\js1\bootstrap.min.js --> ciber.ae /www/demo/ciberhrm11/admin/js1 bootstrap.min.js
2015.12.24 23:01 B D:\webserver\apache-2_2\htdocs\sites2015\ghs_neethu\ciberhrm1\admin\js1\jquery.js --> ciber.ae /www/demo/ciberhrm11/admin/js1 jquery.js
2015.12.24 23:01 B D:\webserver\apache-2_2\htdocs\sites2015\ghs_neethu\ciberhrm1\admin\js1\jquery.min.js --> ciber.ae /www/demo/ciberhrm11/admin/js1 jquery.min.js
2015.12.24 23:01 B D:\webserver\apache-2_2\htdocs\sites2015\ghs_neethu\ciberhrm1\admin\js1\WS_FTP.LOG --> ciber.ae /www/demo/ciberhrm11/admin/js1 WS_FTP.LOG
2016.01.13 14:45 B D:\webserver\apache\htdocs\sites2015\ghs_neethu\ciberhrm13012016\admin\js1\bootstrap.js --> ciber.ae /www/demo/ciberhrm157/admin/js1 bootstrap.js
2016.01.13 14:45 B D:\webserver\apache\htdocs\sites2015\ghs_neethu\ciberhrm13012016\admin\js1\bootstrap.min.js --> ciber.ae /www/demo/ciberhrm157/admin/js1 bootstrap.min.js
2016.01.13 14:45 B D:\webserver\apache\htdocs\sites2015\ghs_neethu\ciberhrm13012016\admin\js1\jquery.js --> ciber.ae /www/demo/ciberhrm157/admin/js1 jquery.js
2016.01.13 14:45 B D:\webserver\apache\htdocs\sites2015\ghs_neethu\ciberhrm13012016\admin\js1\jquery.min.js --> ciber.ae /www/demo/ciberhrm157/admin/js1 jquery.min.js
2016.01.21 19:32 B D:\webserver\apache-2_2\htdocs\sites2015\ghs_neethu\ciberhrm10\admin\js1\WS_FTP.LOG <-- ciber.ae o /ciberhrm10/admin/js1 WS_FTP.LOG
2016.01.23 10:02 B D:\webserver\apache\htdocs\sites2015\ghs_neethu\ciberhrm20\admin\js1\bootstrap.js --> ciber.ae /ciberhrm10/admin/js1 bootstrap.js
2016.01.23 10:02 B D:\webserver\apache\htdocs\sites2015\ghs_neethu\ciberhrm20\admin\js1\bootstrap.min.js --> ciber.ae /ciberhrm10/admin/js1 bootstrap.min.js
2016.01.23 10:02 B D:\webserver\apache\htdocs\sites2015\ghs_neethu\ciberhrm20\admin\js1\jquery.js --> ciber.ae /ciberhrm10/admin/js1 jquery.js
2016.01.23 10:02 B D:\webserver\apache\htdocs\sites2015\ghs_neethu\ciberhrm20\admin\js1\jquery.min.js --> ciber.ae /ciberhrm10/admin/js1 jquery.min.js
2016.01.23 10:02 B D:\webserver\apache\htdocs\sites2015\ghs_neethu\ciberhrm20\admin\js1\WS_FTP.LOG --> ciber.ae /ciberhrm10/admin/js1 WS_FTP.LOG
2016.02.10 23:30 B D:\webserver\apache-2_2\htdocs\sites2015\ghs_neethu\ciberhrm10022016\admin\js1\bootstrap.js --> ciber.ae /ciberhrm31/admin/js1 bootstrap.js
2016.02.10 23:30 B D:\webserver\apache-2_2\htdocs\sites2015\ghs_neethu\ciberhrm10022016\admin\js1\bootstrap.min.js --> ciber.ae /ciberhrm31/admin/js1 bootstrap.min.js
2016.02.10 23:30 B D:\webserver\apache-2_2\htdocs\sites2015\ghs_neethu\ciberhrm10022016\admin\js1\jquery.js --> ciber.ae /ciberhrm31/admin/js1 jquery.js
2016.02.10 23:30 B D:\webserver\apache-2_2\htdocs\sites2015\ghs_neethu\ciberhrm10022016\admin\js1\jquery.min.js --> ciber.ae /ciberhrm31/admin/js1 jquery.min.js
2016.02.10 23:30 B D:\webserver\apache-2_2\htdocs\sites2015\ghs_neethu\ciberhrm10022016\admin\js1\WS_FTP.LOG --> ciber.ae /ciberhrm31/admin/js1 WS_FTP.LOG
2016.02.24 10:15 B D:\webserver\apache-2_2\htdocs\sites2015\ghs_neethu\ciberhrm24022016\admin\js1\bootstrap.js --> ciber.ae /www/demo/ciberhrm24022016/admin/js1 bootstrap.js
2016.02.24 10:15 B D:\webserver\apache-2_2\htdocs\sites2015\ghs_neethu\ciberhrm24022016\admin\js1\bootstrap.min.js --> ciber.ae /www/demo/ciberhrm24022016/admin/js1 bootstrap.min.js
2016.02.24 10:15 B D:\webserver\apache-2_2\htdocs\sites2015\ghs_neethu\ciberhrm24022016\admin\js1\jquery.js --> ciber.ae /www/demo/ciberhrm24022016/admin/js1 jquery.js
2016.02.24 10:15 B D:\webserver\apache-2_2\htdocs\sites2015\ghs_neethu\ciberhrm24022016\admin\js1\jquery.min.js --> ciber.ae /www/demo/ciberhrm24022016/admin/js1 jquery.min.js
2016.07.19 19:41 B D:\webserver\apache-2_2\htdocs\sites2016\inarco\admin\js1\WS_FTP.LOG <-- ciber.ae /public_html/demo/inarco100/admin/js1 WS_FTP.LOG
2016.07.19 19:41 B D:\webserver\apache-2_2\htdocs\sites2016\inarco\admin\js1\jquery.min.js <-- ciber.ae /public_html/demo/inarco100/admin/js1 jquery.min.js
2016.07.19 19:41 B D:\webserver\apache-2_2\htdocs\sites2016\inarco\admin\js1\jquery.js <-- ciber.ae /public_html/demo/inarco100/admin/js1 jquery.js
2016.07.19 19:41 B D:\webserver\apache-2_2\htdocs\sites2016\inarco\admin\js1\bootstrap.min.js <-- ciber.ae /public_html/demo/inarco100/admin/js1 bootstrap.min.js
2016.07.19 19:41 B D:\webserver\apache-2_2\htdocs\sites2016\inarco\admin\js1\bootstrap.js <-- ciber.ae /public_html/demo/inarco100/admin/js1 bootstrap.js
2016.07.20 20:45 B D:\webserver\apache-2_2\htdocs\sites2016\inarco\admin\js1\bootstrap.js --> ciber.ae /public_html/demo/inarco200/admin/js1 bootstrap.js
2016.07.20 20:45 B D:\webserver\apache-2_2\htdocs\sites2016\inarco\admin\js1\bootstrap.min.js --> ciber.ae /public_html/demo/inarco200/admin/js1 bootstrap.min.js
2016.07.20 20:45 B D:\webserver\apache-2_2\htdocs\sites2016\inarco\admin\js1\jquery.js --> ciber.ae /public_html/demo/inarco200/admin/js1 jquery.js
2016.07.20 20:46 B D:\webserver\apache-2_2\htdocs\sites2016\inarco\admin\js1\jquery.min.js --> ciber.ae /public_html/demo/inarco200/admin/js1 jquery.min.js
2017.02.08 12:27 B E:\webserver\apache-2_2\htdocs\sites2016\sandalwood\sandalwoodbay70\admin\js1\bootstrap.js --> ciber.ae /sandalwoodbay82/admin/js1 bootstrap.js
2017.02.08 12:27 B E:\webserver\apache-2_2\htdocs\sites2016\sandalwood\sandalwoodbay70\admin\js1\bootstrap.min.js --> ciber.ae /sandalwoodbay82/admin/js1 bootstrap.min.js
2017.02.08 12:27 B E:\webserver\apache-2_2\htdocs\sites2016\sandalwood\sandalwoodbay70\admin\js1\jquery.js --> ciber.ae /sandalwoodbay82/admin/js1 jquery.js
2017.02.08 12:27 B E:\webserver\apache-2_2\htdocs\sites2016\sandalwood\sandalwoodbay70\admin\js1\jquery.min.js --> ciber.ae /sandalwoodbay82/admin/js1 jquery.min.js
2017.04.21 10:09 B E:\webserver\apache-2_2\htdocs\sites2016\sandalwood\sandalwoodbay150\admin\js1\WS_FTP.LOG <-- ciber.ae /sandalwoodbay150/admin/js1 WS_FTP.LOG
2017.04.21 10:09 B E:\webserver\apache-2_2\htdocs\sites2016\sandalwood\sandalwoodbay150\admin\js1\jquery.min.js <-- ciber.ae /sandalwoodbay150/admin/js1 jquery.min.js
2017.04.21 10:09 B E:\webserver\apache-2_2\htdocs\sites2016\sandalwood\sandalwoodbay150\admin\js1\jquery.js <-- ciber.ae /sandalwoodbay150/admin/js1 jquery.js
2017.04.21 10:09 B E:\webserver\apache-2_2\htdocs\sites2016\sandalwood\sandalwoodbay150\admin\js1\bootstrap.min.js <-- ciber.ae /sandalwoodbay150/admin/js1 bootstrap.min.js
2017.04.21 10:09 B E:\webserver\apache-2_2\htdocs\sites2016\sandalwood\sandalwoodbay150\admin\js1\bootstrap.js <-- ciber.ae /sandalwoodbay150/admin/js1 bootstrap.js
2017.06.05 10:38 B D:\webserver\apache\htdocs\sites2016\sandal5thmay2017\admin\js1\WS_FTP.LOG <-- ciber.ae /sandalwoodbay160/admin/js1 WS_FTP.LOG
2018.02.22 13:01 B D:\webserver\apache-2_2\htdocs\sites2016\ciber_backup\dcr2018\users\js1\WS_FTP.LOG <-- ciber.ae /public_html/demo/dcr2018/users/js1 WS_FTP.LOG
2018.03.06 16:35 B D:\webserver\apache-2_2\htdocs\sites2016\onlinesites\dcr2018\users\js1\WS_FTP.LOG <-- ciber /public_html/dcr2018/users/js1 WS_FTP.LOG
2018.03.08 08:25 B D:\webserver\apache-2_2\htdocs\sites2016\onlinesites\dcr2018\users\js1\WS_FTP.LOG --> a2zae.com /public_html/dcr2018/users/js1 WS_FTP.LOG
2018.03.08 08:25 B D:\webserver\apache-2_2\htdocs\sites2016\onlinesites\dcr2018\users\js1\jquery.min.js --> a2zae.com /public_html/dcr2018/users/js1 jquery.min.js
2018.03.08 08:25 B D:\webserver\apache-2_2\htdocs\sites2016\onlinesites\dcr2018\users\js1\jquery.js --> a2zae.com /public_html/dcr2018/users/js1 jquery.js
2018.03.08 08:25 B D:\webserver\apache-2_2\htdocs\sites2016\onlinesites\dcr2018\users\js1\bootstrap.min.js --> a2zae.com /public_html/dcr2018/users/js1 bootstrap.min.js
2018.03.08 08:25 B D:\webserver\apache-2_2\htdocs\sites2016\onlinesites\dcr2018\users\js1\bootstrap.js --> a2zae.com /public_html/dcr2018/users/js1 bootstrap.js
2018.09.30 13:58 B D:\xampp\htdocs\sites_2018\rental\trypot_30092018\admin\js1\bootstrap.js --> hostdxb.com /public_html/demo/rental/admin/js1 bootstrap.js
2018.09.30 13:58 B D:\xampp\htdocs\sites_2018\rental\trypot_30092018\admin\js1\bootstrap.min.js --> hostdxb.com /public_html/demo/rental/admin/js1 bootstrap.min.js
2018.09.30 13:58 B D:\xampp\htdocs\sites_2018\rental\trypot_30092018\admin\js1\jquery.js --> hostdxb.com /public_html/demo/rental/admin/js1 jquery.js
2018.09.30 13:58 B D:\xampp\htdocs\sites_2018\rental\trypot_30092018\admin\js1\jquery.min.js --> hostdxb.com /public_html/demo/rental/admin/js1 jquery.min.js
2018.09.30 13:58 B D:\xampp\htdocs\sites_2018\rental\trypot_30092018\admin\js1\WS_FTP.LOG --> hostdxb.com /public_html/demo/rental/admin/js1 WS_FTP.LOG
