2015.12.22 09:10 B D:\webserver\apache-2_2\htdocs\sites\ciberhrm1\admin\fonts\weathericons-regular-webfontd41d.eot <-- ciber /ciberhrm1/admin/fonts weathericons-regular-webfontd41d.eot
2015.12.22 09:10 B D:\webserver\apache-2_2\htdocs\sites\ciberhrm1\admin\fonts\weathericons-regular-webfont.woff <-- ciber /ciberhrm1/admin/fonts weathericons-regular-webfont.woff
2015.12.22 09:10 B D:\webserver\apache-2_2\htdocs\sites\ciberhrm1\admin\fonts\weathericons-regular-webfont.ttf <-- ciber /ciberhrm1/admin/fonts weathericons-regular-webfont.ttf
2015.12.22 09:10 B D:\webserver\apache-2_2\htdocs\sites\ciberhrm1\admin\fonts\weathericons-regular-webfont.svg <-- ciber /ciberhrm1/admin/fonts weathericons-regular-webfont.svg
2015.12.22 09:10 B D:\webserver\apache-2_2\htdocs\sites\ciberhrm1\admin\fonts\weathericons-regular-webfont.eot <-- ciber /ciberhrm1/admin/fonts weathericons-regular-webfont.eot
2015.12.22 09:10 B D:\webserver\apache-2_2\htdocs\sites\ciberhrm1\admin\fonts\glyphicons-halflings-regulard41d.eot <-- ciber /ciberhrm1/admin/fonts glyphicons-halflings-regulard41d.eot
2015.12.22 09:10 B D:\webserver\apache-2_2\htdocs\sites\ciberhrm1\admin\fonts\glyphicons-halflings-regular.woff <-- ciber /ciberhrm1/admin/fonts glyphicons-halflings-regular.woff
2015.12.22 09:10 B D:\webserver\apache-2_2\htdocs\sites\ciberhrm1\admin\fonts\glyphicons-halflings-regular.ttf <-- ciber /ciberhrm1/admin/fonts glyphicons-halflings-regular.ttf
2015.12.22 09:10 B D:\webserver\apache-2_2\htdocs\sites\ciberhrm1\admin\fonts\glyphicons-halflings-regular.svg <-- ciber /ciberhrm1/admin/fonts glyphicons-halflings-regular.svg
2015.12.22 09:10 B D:\webserver\apache-2_2\htdocs\sites\ciberhrm1\admin\fonts\glyphicons-halflings-regular.eot <-- ciber /ciberhrm1/admin/fonts glyphicons-halflings-regular.eot
2015.12.22 09:10 B D:\webserver\apache-2_2\htdocs\sites\ciberhrm1\admin\fonts\fontawesome-webfontd41d.eot <-- ciber /ciberhrm1/admin/fonts fontawesome-webfontd41d.eot
2015.12.22 09:10 B D:\webserver\apache-2_2\htdocs\sites\ciberhrm1\admin\fonts\fontawesome-webfont862f.woff <-- ciber /ciberhrm1/admin/fonts fontawesome-webfont862f.woff
2015.12.22 09:10 B D:\webserver\apache-2_2\htdocs\sites\ciberhrm1\admin\fonts\fontawesome-webfont862f.ttf <-- ciber /ciberhrm1/admin/fonts fontawesome-webfont862f.ttf
2015.12.22 09:10 B D:\webserver\apache-2_2\htdocs\sites\ciberhrm1\admin\fonts\fontawesome-webfont862f.svg <-- ciber /ciberhrm1/admin/fonts fontawesome-webfont862f.svg
2015.12.22 09:10 B D:\webserver\apache-2_2\htdocs\sites\ciberhrm1\admin\fonts\fontawesome-webfont862f.eot <-- ciber /ciberhrm1/admin/fonts fontawesome-webfont862f.eot
2015.12.24 22:46 B D:\webserver\apache-2_2\htdocs\sites2015\ghs_neethu\ciberhrm1\admin\fonts\fontawesome-webfont862f.eot --> ciber.ae /www/demo/ciberhrm11/admin/fonts fontawesome-webfont862f.eot
2015.12.24 22:46 B D:\webserver\apache-2_2\htdocs\sites2015\ghs_neethu\ciberhrm1\admin\fonts\fontawesome-webfontd41d.eot --> ciber.ae /www/demo/ciberhrm11/admin/fonts fontawesome-webfontd41d.eot
2015.12.24 22:46 B D:\webserver\apache-2_2\htdocs\sites2015\ghs_neethu\ciberhrm1\admin\fonts\glyphicons-halflings-regular.eot --> ciber.ae /www/demo/ciberhrm11/admin/fonts glyphicons-halflings-regular.eot
2015.12.24 22:46 B D:\webserver\apache-2_2\htdocs\sites2015\ghs_neethu\ciberhrm1\admin\fonts\glyphicons-halflings-regulard41d.eot --> ciber.ae /www/demo/ciberhrm11/admin/fonts glyphicons-halflings-regulard41d.eot
2015.12.24 22:47 B D:\webserver\apache-2_2\htdocs\sites2015\ghs_neethu\ciberhrm1\admin\fonts\weathericons-regular-webfont.eot --> ciber.ae /www/demo/ciberhrm11/admin/fonts weathericons-regular-webfont.eot
2015.12.24 22:47 B D:\webserver\apache-2_2\htdocs\sites2015\ghs_neethu\ciberhrm1\admin\fonts\weathericons-regular-webfontd41d.eot --> ciber.ae /www/demo/ciberhrm11/admin/fonts weathericons-regular-webfontd41d.eot
2015.12.24 22:47 B D:\webserver\apache-2_2\htdocs\sites2015\ghs_neethu\ciberhrm1\admin\fonts\WS_FTP.LOG --> ciber.ae /www/demo/ciberhrm11/admin/fonts WS_FTP.LOG
2015.12.24 22:47 B D:\webserver\apache-2_2\htdocs\sites2015\ghs_neethu\ciberhrm1\admin\fonts\fontawesome-webfont862f.svg --> ciber.ae /www/demo/ciberhrm11/admin/fonts fontawesome-webfont862f.svg
2015.12.24 22:47 B D:\webserver\apache-2_2\htdocs\sites2015\ghs_neethu\ciberhrm1\admin\fonts\glyphicons-halflings-regular.svg --> ciber.ae /www/demo/ciberhrm11/admin/fonts glyphicons-halflings-regular.svg
2015.12.24 22:47 B D:\webserver\apache-2_2\htdocs\sites2015\ghs_neethu\ciberhrm1\admin\fonts\weathericons-regular-webfont.svg --> ciber.ae /www/demo/ciberhrm11/admin/fonts weathericons-regular-webfont.svg
2015.12.24 22:48 B D:\webserver\apache-2_2\htdocs\sites2015\ghs_neethu\ciberhrm1\admin\fonts\fontawesome-webfont862f.ttf --> ciber.ae /www/demo/ciberhrm11/admin/fonts fontawesome-webfont862f.ttf
2015.12.24 22:48 B D:\webserver\apache-2_2\htdocs\sites2015\ghs_neethu\ciberhrm1\admin\fonts\glyphicons-halflings-regular.ttf --> ciber.ae /www/demo/ciberhrm11/admin/fonts glyphicons-halflings-regular.ttf
2015.12.24 22:48 B D:\webserver\apache-2_2\htdocs\sites2015\ghs_neethu\ciberhrm1\admin\fonts\weathericons-regular-webfont.ttf --> ciber.ae /www/demo/ciberhrm11/admin/fonts weathericons-regular-webfont.ttf
2015.12.24 22:48 B D:\webserver\apache-2_2\htdocs\sites2015\ghs_neethu\ciberhrm1\admin\fonts\fontawesome-webfont862f.woff --> ciber.ae /www/demo/ciberhrm11/admin/fonts fontawesome-webfont862f.woff
2015.12.24 22:48 B D:\webserver\apache-2_2\htdocs\sites2015\ghs_neethu\ciberhrm1\admin\fonts\glyphicons-halflings-regular.woff --> ciber.ae /www/demo/ciberhrm11/admin/fonts glyphicons-halflings-regular.woff
2015.12.24 22:48 B D:\webserver\apache-2_2\htdocs\sites2015\ghs_neethu\ciberhrm1\admin\fonts\weathericons-regular-webfont.woff --> ciber.ae /www/demo/ciberhrm11/admin/fonts weathericons-regular-webfont.woff
2016.01.13 14:37 B D:\webserver\apache\htdocs\sites2015\ghs_neethu\ciberhrm13012016\admin\fonts\fontawesome-webfont862f.eot --> ciber.ae /www/demo/ciberhrm157/admin/fonts fontawesome-webfont862f.eot
2016.01.13 14:37 B D:\webserver\apache\htdocs\sites2015\ghs_neethu\ciberhrm13012016\admin\fonts\fontawesome-webfont862f.svg --> ciber.ae /www/demo/ciberhrm157/admin/fonts fontawesome-webfont862f.svg
2016.01.13 14:37 B D:\webserver\apache\htdocs\sites2015\ghs_neethu\ciberhrm13012016\admin\fonts\fontawesome-webfont862f.ttf --> ciber.ae /www/demo/ciberhrm157/admin/fonts fontawesome-webfont862f.ttf
2016.01.13 14:37 B D:\webserver\apache\htdocs\sites2015\ghs_neethu\ciberhrm13012016\admin\fonts\fontawesome-webfont862f.woff --> ciber.ae /www/demo/ciberhrm157/admin/fonts fontawesome-webfont862f.woff
2016.01.13 14:37 B D:\webserver\apache\htdocs\sites2015\ghs_neethu\ciberhrm13012016\admin\fonts\fontawesome-webfontd41d.eot --> ciber.ae /www/demo/ciberhrm157/admin/fonts fontawesome-webfontd41d.eot
2016.01.13 14:37 B D:\webserver\apache\htdocs\sites2015\ghs_neethu\ciberhrm13012016\admin\fonts\glyphicons-halflings-regular.eot --> ciber.ae /www/demo/ciberhrm157/admin/fonts glyphicons-halflings-regular.eot
2016.01.13 14:37 B D:\webserver\apache\htdocs\sites2015\ghs_neethu\ciberhrm13012016\admin\fonts\glyphicons-halflings-regular.svg --> ciber.ae /www/demo/ciberhrm157/admin/fonts glyphicons-halflings-regular.svg
2016.01.13 14:37 B D:\webserver\apache\htdocs\sites2015\ghs_neethu\ciberhrm13012016\admin\fonts\glyphicons-halflings-regular.ttf --> ciber.ae /www/demo/ciberhrm157/admin/fonts glyphicons-halflings-regular.ttf
2016.01.13 14:37 B D:\webserver\apache\htdocs\sites2015\ghs_neethu\ciberhrm13012016\admin\fonts\glyphicons-halflings-regular.woff --> ciber.ae /www/demo/ciberhrm157/admin/fonts glyphicons-halflings-regular.woff
2016.01.13 14:37 B D:\webserver\apache\htdocs\sites2015\ghs_neethu\ciberhrm13012016\admin\fonts\glyphicons-halflings-regulard41d.eot --> ciber.ae /www/demo/ciberhrm157/admin/fonts glyphicons-halflings-regulard41d.eot
2016.01.13 14:37 B D:\webserver\apache\htdocs\sites2015\ghs_neethu\ciberhrm13012016\admin\fonts\weathericons-regular-webfont.eot --> ciber.ae /www/demo/ciberhrm157/admin/fonts weathericons-regular-webfont.eot
2016.01.13 14:37 B D:\webserver\apache\htdocs\sites2015\ghs_neethu\ciberhrm13012016\admin\fonts\weathericons-regular-webfont.svg --> ciber.ae /www/demo/ciberhrm157/admin/fonts weathericons-regular-webfont.svg
2016.01.13 14:37 B D:\webserver\apache\htdocs\sites2015\ghs_neethu\ciberhrm13012016\admin\fonts\weathericons-regular-webfont.ttf --> ciber.ae /www/demo/ciberhrm157/admin/fonts weathericons-regular-webfont.ttf
2016.01.13 14:37 B D:\webserver\apache\htdocs\sites2015\ghs_neethu\ciberhrm13012016\admin\fonts\weathericons-regular-webfont.woff --> ciber.ae /www/demo/ciberhrm157/admin/fonts weathericons-regular-webfont.woff
2016.01.13 14:37 B D:\webserver\apache\htdocs\sites2015\ghs_neethu\ciberhrm13012016\admin\fonts\weathericons-regular-webfontd41d.eot --> ciber.ae /www/demo/ciberhrm157/admin/fonts weathericons-regular-webfontd41d.eot
2016.01.21 19:20 B D:\webserver\apache-2_2\htdocs\sites2015\ghs_neethu\ciberhrm10\admin\fonts\WS_FTP.LOG <-- ciber.ae o /ciberhrm10/admin/fonts WS_FTP.LOG
2016.01.23 09:54 B D:\webserver\apache\htdocs\sites2015\ghs_neethu\ciberhrm20\admin\fonts\fontawesome-webfont862f.eot --> ciber.ae /ciberhrm10/admin/fonts fontawesome-webfont862f.eot
2016.01.23 09:54 B D:\webserver\apache\htdocs\sites2015\ghs_neethu\ciberhrm20\admin\fonts\fontawesome-webfont862f.svg --> ciber.ae /ciberhrm10/admin/fonts fontawesome-webfont862f.svg
2016.01.23 09:54 B D:\webserver\apache\htdocs\sites2015\ghs_neethu\ciberhrm20\admin\fonts\fontawesome-webfont862f.ttf --> ciber.ae /ciberhrm10/admin/fonts fontawesome-webfont862f.ttf
2016.01.23 09:54 B D:\webserver\apache\htdocs\sites2015\ghs_neethu\ciberhrm20\admin\fonts\fontawesome-webfont862f.woff --> ciber.ae /ciberhrm10/admin/fonts fontawesome-webfont862f.woff
2016.01.23 09:54 B D:\webserver\apache\htdocs\sites2015\ghs_neethu\ciberhrm20\admin\fonts\fontawesome-webfontd41d.eot --> ciber.ae /ciberhrm10/admin/fonts fontawesome-webfontd41d.eot
2016.01.23 09:54 B D:\webserver\apache\htdocs\sites2015\ghs_neethu\ciberhrm20\admin\fonts\glyphicons-halflings-regular.eot --> ciber.ae /ciberhrm10/admin/fonts glyphicons-halflings-regular.eot
2016.01.23 09:54 B D:\webserver\apache\htdocs\sites2015\ghs_neethu\ciberhrm20\admin\fonts\glyphicons-halflings-regular.svg --> ciber.ae /ciberhrm10/admin/fonts glyphicons-halflings-regular.svg
2016.01.23 09:54 B D:\webserver\apache\htdocs\sites2015\ghs_neethu\ciberhrm20\admin\fonts\glyphicons-halflings-regular.ttf --> ciber.ae /ciberhrm10/admin/fonts glyphicons-halflings-regular.ttf
2016.01.23 09:54 B D:\webserver\apache\htdocs\sites2015\ghs_neethu\ciberhrm20\admin\fonts\glyphicons-halflings-regular.woff --> ciber.ae /ciberhrm10/admin/fonts glyphicons-halflings-regular.woff
2016.01.23 09:54 B D:\webserver\apache\htdocs\sites2015\ghs_neethu\ciberhrm20\admin\fonts\glyphicons-halflings-regulard41d.eot --> ciber.ae /ciberhrm10/admin/fonts glyphicons-halflings-regulard41d.eot
2016.01.23 09:54 B D:\webserver\apache\htdocs\sites2015\ghs_neethu\ciberhrm20\admin\fonts\weathericons-regular-webfont.eot --> ciber.ae /ciberhrm10/admin/fonts weathericons-regular-webfont.eot
2016.01.23 09:54 B D:\webserver\apache\htdocs\sites2015\ghs_neethu\ciberhrm20\admin\fonts\weathericons-regular-webfont.svg --> ciber.ae /ciberhrm10/admin/fonts weathericons-regular-webfont.svg
2016.01.23 09:54 B D:\webserver\apache\htdocs\sites2015\ghs_neethu\ciberhrm20\admin\fonts\weathericons-regular-webfont.ttf --> ciber.ae /ciberhrm10/admin/fonts weathericons-regular-webfont.ttf
2016.01.23 09:55 B D:\webserver\apache\htdocs\sites2015\ghs_neethu\ciberhrm20\admin\fonts\weathericons-regular-webfont.woff --> ciber.ae /ciberhrm10/admin/fonts weathericons-regular-webfont.woff
2016.01.23 09:55 B D:\webserver\apache\htdocs\sites2015\ghs_neethu\ciberhrm20\admin\fonts\weathericons-regular-webfontd41d.eot --> ciber.ae /ciberhrm10/admin/fonts weathericons-regular-webfontd41d.eot
2016.01.23 09:55 B D:\webserver\apache\htdocs\sites2015\ghs_neethu\ciberhrm20\admin\fonts\WS_FTP.LOG --> ciber.ae /ciberhrm10/admin/fonts WS_FTP.LOG
2016.02.10 23:17 B D:\webserver\apache-2_2\htdocs\sites2015\ghs_neethu\ciberhrm10022016\admin\fonts\fontawesome-webfont862f.eot --> ciber.ae /ciberhrm31/admin/fonts fontawesome-webfont862f.eot
2016.02.10 23:18 B D:\webserver\apache-2_2\htdocs\sites2015\ghs_neethu\ciberhrm10022016\admin\fonts\fontawesome-webfont862f.svg --> ciber.ae /ciberhrm31/admin/fonts fontawesome-webfont862f.svg
2016.02.10 23:18 B D:\webserver\apache-2_2\htdocs\sites2015\ghs_neethu\ciberhrm10022016\admin\fonts\fontawesome-webfont862f.ttf --> ciber.ae /ciberhrm31/admin/fonts fontawesome-webfont862f.ttf
2016.02.10 23:18 B D:\webserver\apache-2_2\htdocs\sites2015\ghs_neethu\ciberhrm10022016\admin\fonts\fontawesome-webfont862f.woff --> ciber.ae /ciberhrm31/admin/fonts fontawesome-webfont862f.woff
2016.02.10 23:18 B D:\webserver\apache-2_2\htdocs\sites2015\ghs_neethu\ciberhrm10022016\admin\fonts\fontawesome-webfontd41d.eot --> ciber.ae /ciberhrm31/admin/fonts fontawesome-webfontd41d.eot
2016.02.10 23:18 B D:\webserver\apache-2_2\htdocs\sites2015\ghs_neethu\ciberhrm10022016\admin\fonts\glyphicons-halflings-regular.eot --> ciber.ae /ciberhrm31/admin/fonts glyphicons-halflings-regular.eot
2016.02.10 23:18 B D:\webserver\apache-2_2\htdocs\sites2015\ghs_neethu\ciberhrm10022016\admin\fonts\glyphicons-halflings-regular.svg --> ciber.ae /ciberhrm31/admin/fonts glyphicons-halflings-regular.svg
2016.02.10 23:18 B D:\webserver\apache-2_2\htdocs\sites2015\ghs_neethu\ciberhrm10022016\admin\fonts\glyphicons-halflings-regular.ttf --> ciber.ae /ciberhrm31/admin/fonts glyphicons-halflings-regular.ttf
2016.02.10 23:19 B D:\webserver\apache-2_2\htdocs\sites2015\ghs_neethu\ciberhrm10022016\admin\fonts\glyphicons-halflings-regular.woff --> ciber.ae /ciberhrm31/admin/fonts glyphicons-halflings-regular.woff
2016.02.10 23:19 B D:\webserver\apache-2_2\htdocs\sites2015\ghs_neethu\ciberhrm10022016\admin\fonts\glyphicons-halflings-regulard41d.eot --> ciber.ae /ciberhrm31/admin/fonts glyphicons-halflings-regulard41d.eot
2016.02.10 23:19 B D:\webserver\apache-2_2\htdocs\sites2015\ghs_neethu\ciberhrm10022016\admin\fonts\weathericons-regular-webfont.eot --> ciber.ae /ciberhrm31/admin/fonts weathericons-regular-webfont.eot
2016.02.10 23:19 B D:\webserver\apache-2_2\htdocs\sites2015\ghs_neethu\ciberhrm10022016\admin\fonts\weathericons-regular-webfont.svg --> ciber.ae /ciberhrm31/admin/fonts weathericons-regular-webfont.svg
2016.02.10 23:19 B D:\webserver\apache-2_2\htdocs\sites2015\ghs_neethu\ciberhrm10022016\admin\fonts\weathericons-regular-webfont.ttf --> ciber.ae /ciberhrm31/admin/fonts weathericons-regular-webfont.ttf
2016.02.10 23:19 B D:\webserver\apache-2_2\htdocs\sites2015\ghs_neethu\ciberhrm10022016\admin\fonts\weathericons-regular-webfont.woff --> ciber.ae /ciberhrm31/admin/fonts weathericons-regular-webfont.woff
2016.02.10 23:19 B D:\webserver\apache-2_2\htdocs\sites2015\ghs_neethu\ciberhrm10022016\admin\fonts\weathericons-regular-webfontd41d.eot --> ciber.ae /ciberhrm31/admin/fonts weathericons-regular-webfontd41d.eot
2016.02.10 23:19 B D:\webserver\apache-2_2\htdocs\sites2015\ghs_neethu\ciberhrm10022016\admin\fonts\WS_FTP.LOG --> ciber.ae /ciberhrm31/admin/fonts WS_FTP.LOG
2016.02.13 16:50 B D:\webserver\apache\htdocs\sites2015\ghs_neethu\ciberhrm13022016\admin\fonts\fontawesome-webfont862f.eot --> ciber.ae /ciberhrm1302/admin/fonts fontawesome-webfont862f.eot
2016.02.13 16:50 B D:\webserver\apache\htdocs\sites2015\ghs_neethu\ciberhrm13022016\admin\fonts\fontawesome-webfont862f.svg --> ciber.ae /ciberhrm1302/admin/fonts fontawesome-webfont862f.svg
2016.02.13 16:50 B D:\webserver\apache\htdocs\sites2015\ghs_neethu\ciberhrm13022016\admin\fonts\fontawesome-webfont862f.ttf --> ciber.ae /ciberhrm1302/admin/fonts fontawesome-webfont862f.ttf
2016.02.13 16:50 B D:\webserver\apache\htdocs\sites2015\ghs_neethu\ciberhrm13022016\admin\fonts\fontawesome-webfont862f.woff --> ciber.ae /ciberhrm1302/admin/fonts fontawesome-webfont862f.woff
2016.02.13 16:50 B D:\webserver\apache\htdocs\sites2015\ghs_neethu\ciberhrm13022016\admin\fonts\fontawesome-webfontd41d.eot --> ciber.ae /ciberhrm1302/admin/fonts fontawesome-webfontd41d.eot
2016.02.13 16:50 B D:\webserver\apache\htdocs\sites2015\ghs_neethu\ciberhrm13022016\admin\fonts\glyphicons-halflings-regular.eot --> ciber.ae /ciberhrm1302/admin/fonts glyphicons-halflings-regular.eot
2016.02.13 16:50 B D:\webserver\apache\htdocs\sites2015\ghs_neethu\ciberhrm13022016\admin\fonts\glyphicons-halflings-regular.svg --> ciber.ae /ciberhrm1302/admin/fonts glyphicons-halflings-regular.svg
2016.02.13 16:50 B D:\webserver\apache\htdocs\sites2015\ghs_neethu\ciberhrm13022016\admin\fonts\glyphicons-halflings-regular.ttf --> ciber.ae /ciberhrm1302/admin/fonts glyphicons-halflings-regular.ttf
2016.02.13 16:50 B D:\webserver\apache\htdocs\sites2015\ghs_neethu\ciberhrm13022016\admin\fonts\glyphicons-halflings-regular.woff --> ciber.ae /ciberhrm1302/admin/fonts glyphicons-halflings-regular.woff
2016.02.13 16:51 B D:\webserver\apache\htdocs\sites2015\ghs_neethu\ciberhrm13022016\admin\fonts\glyphicons-halflings-regulard41d.eot --> ciber.ae /ciberhrm1302/admin/fonts glyphicons-halflings-regulard41d.eot
2016.02.13 16:51 B D:\webserver\apache\htdocs\sites2015\ghs_neethu\ciberhrm13022016\admin\fonts\weathericons-regular-webfont.eot --> ciber.ae /ciberhrm1302/admin/fonts weathericons-regular-webfont.eot
2016.02.13 16:51 B D:\webserver\apache\htdocs\sites2015\ghs_neethu\ciberhrm13022016\admin\fonts\weathericons-regular-webfont.svg --> ciber.ae /ciberhrm1302/admin/fonts weathericons-regular-webfont.svg
2016.02.13 16:51 B D:\webserver\apache\htdocs\sites2015\ghs_neethu\ciberhrm13022016\admin\fonts\weathericons-regular-webfont.ttf --> ciber.ae /ciberhrm1302/admin/fonts weathericons-regular-webfont.ttf
2016.02.13 16:51 B D:\webserver\apache\htdocs\sites2015\ghs_neethu\ciberhrm13022016\admin\fonts\weathericons-regular-webfont.woff --> ciber.ae /ciberhrm1302/admin/fonts weathericons-regular-webfont.woff
2016.02.13 16:51 B D:\webserver\apache\htdocs\sites2015\ghs_neethu\ciberhrm13022016\admin\fonts\weathericons-regular-webfontd41d.eot --> ciber.ae /ciberhrm1302/admin/fonts weathericons-regular-webfontd41d.eot
2016.02.13 16:51 B D:\webserver\apache\htdocs\sites2015\ghs_neethu\ciberhrm13022016\admin\fonts\WS_FTP.LOG --> ciber.ae /ciberhrm1302/admin/fonts WS_FTP.LOG
2016.02.24 09:55 B D:\webserver\apache-2_2\htdocs\sites2015\ghs_neethu\ciberhrm24022016\admin\fonts\fontawesome-webfont862f.eot --> ciber.ae /www/demo/ciberhrm24022016/admin/fonts fontawesome-webfont862f.eot
2016.02.24 09:55 B D:\webserver\apache-2_2\htdocs\sites2015\ghs_neethu\ciberhrm24022016\admin\fonts\fontawesome-webfont862f.svg --> ciber.ae /www/demo/ciberhrm24022016/admin/fonts fontawesome-webfont862f.svg
2016.02.24 09:56 B D:\webserver\apache-2_2\htdocs\sites2015\ghs_neethu\ciberhrm24022016\admin\fonts\fontawesome-webfont862f.ttf --> ciber.ae /www/demo/ciberhrm24022016/admin/fonts fontawesome-webfont862f.ttf
2016.02.24 09:56 B D:\webserver\apache-2_2\htdocs\sites2015\ghs_neethu\ciberhrm24022016\admin\fonts\fontawesome-webfont862f.woff --> ciber.ae /www/demo/ciberhrm24022016/admin/fonts fontawesome-webfont862f.woff
2016.02.24 09:56 B D:\webserver\apache-2_2\htdocs\sites2015\ghs_neethu\ciberhrm24022016\admin\fonts\fontawesome-webfontd41d.eot --> ciber.ae /www/demo/ciberhrm24022016/admin/fonts fontawesome-webfontd41d.eot
2016.02.24 09:56 B D:\webserver\apache-2_2\htdocs\sites2015\ghs_neethu\ciberhrm24022016\admin\fonts\glyphicons-halflings-regular.eot --> ciber.ae /www/demo/ciberhrm24022016/admin/fonts glyphicons-halflings-regular.eot
2016.02.24 09:56 B D:\webserver\apache-2_2\htdocs\sites2015\ghs_neethu\ciberhrm24022016\admin\fonts\glyphicons-halflings-regular.svg --> ciber.ae /www/demo/ciberhrm24022016/admin/fonts glyphicons-halflings-regular.svg
2016.02.24 09:56 B D:\webserver\apache-2_2\htdocs\sites2015\ghs_neethu\ciberhrm24022016\admin\fonts\glyphicons-halflings-regular.ttf --> ciber.ae /www/demo/ciberhrm24022016/admin/fonts glyphicons-halflings-regular.ttf
2016.02.24 09:56 B D:\webserver\apache-2_2\htdocs\sites2015\ghs_neethu\ciberhrm24022016\admin\fonts\glyphicons-halflings-regular.woff --> ciber.ae /www/demo/ciberhrm24022016/admin/fonts glyphicons-halflings-regular.woff
2016.02.24 09:56 B D:\webserver\apache-2_2\htdocs\sites2015\ghs_neethu\ciberhrm24022016\admin\fonts\glyphicons-halflings-regulard41d.eot --> ciber.ae /www/demo/ciberhrm24022016/admin/fonts glyphicons-halflings-regulard41d.eot
2016.02.24 09:56 B D:\webserver\apache-2_2\htdocs\sites2015\ghs_neethu\ciberhrm24022016\admin\fonts\weathericons-regular-webfont.eot --> ciber.ae /www/demo/ciberhrm24022016/admin/fonts weathericons-regular-webfont.eot
2016.02.24 09:57 B D:\webserver\apache-2_2\htdocs\sites2015\ghs_neethu\ciberhrm24022016\admin\fonts\weathericons-regular-webfont.svg --> ciber.ae /www/demo/ciberhrm24022016/admin/fonts weathericons-regular-webfont.svg
2016.02.24 09:57 B D:\webserver\apache-2_2\htdocs\sites2015\ghs_neethu\ciberhrm24022016\admin\fonts\weathericons-regular-webfont.ttf --> ciber.ae /www/demo/ciberhrm24022016/admin/fonts weathericons-regular-webfont.ttf
2016.02.24 09:57 B D:\webserver\apache-2_2\htdocs\sites2015\ghs_neethu\ciberhrm24022016\admin\fonts\weathericons-regular-webfont.woff --> ciber.ae /www/demo/ciberhrm24022016/admin/fonts weathericons-regular-webfont.woff
2016.02.24 09:57 B D:\webserver\apache-2_2\htdocs\sites2015\ghs_neethu\ciberhrm24022016\admin\fonts\weathericons-regular-webfontd41d.eot --> ciber.ae /www/demo/ciberhrm24022016/admin/fonts weathericons-regular-webfontd41d.eot
2016.05.02 13:04 B D:\webserver\apache\htdocs\sites2015\ciberschool\ciberschool\trypot\admin\fonts\helvetica.php <-- gihsdubai.com /public_html/admn/fonts helvetica.php
2016.05.02 13:04 B D:\webserver\apache\htdocs\sites2015\ciberschool\ciberschool\trypot\admin\fonts\helveticab.php <-- gihsdubai.com /public_html/admn/fonts helveticab.php
2016.05.02 13:04 B D:\webserver\apache\htdocs\sites2015\ciberschool\ciberschool\trypot\admin\fonts\helveticabi.php <-- gihsdubai.com /public_html/admn/fonts helveticabi.php
2016.05.02 13:04 B D:\webserver\apache\htdocs\sites2015\ciberschool\ciberschool\trypot\admin\fonts\helveticai.php <-- gihsdubai.com /public_html/admn/fonts helveticai.php
2016.07.19 19:48 B D:\webserver\apache-2_2\htdocs\sites2016\inarco\admin\fonts\WS_FTP.LOG <-- ciber.ae /public_html/demo/inarco100/admin/fonts WS_FTP.LOG
2016.07.19 19:48 B D:\webserver\apache-2_2\htdocs\sites2016\inarco\admin\fonts\weathericons-regular-webfontd41d.eot <-- ciber.ae /public_html/demo/inarco100/admin/fonts weathericons-regular-webfontd41d.eot
2016.07.19 19:48 B D:\webserver\apache-2_2\htdocs\sites2016\inarco\admin\fonts\weathericons-regular-webfont.woff <-- ciber.ae /public_html/demo/inarco100/admin/fonts weathericons-regular-webfont.woff
2016.07.19 19:48 B D:\webserver\apache-2_2\htdocs\sites2016\inarco\admin\fonts\weathericons-regular-webfont.ttf <-- ciber.ae /public_html/demo/inarco100/admin/fonts weathericons-regular-webfont.ttf
2016.07.19 19:48 B D:\webserver\apache-2_2\htdocs\sites2016\inarco\admin\fonts\weathericons-regular-webfont.svg <-- ciber.ae /public_html/demo/inarco100/admin/fonts weathericons-regular-webfont.svg
2016.07.19 19:48 B D:\webserver\apache-2_2\htdocs\sites2016\inarco\admin\fonts\weathericons-regular-webfont.eot <-- ciber.ae /public_html/demo/inarco100/admin/fonts weathericons-regular-webfont.eot
2016.07.19 19:48 B D:\webserver\apache-2_2\htdocs\sites2016\inarco\admin\fonts\times_new_yorker.ttf <-- ciber.ae /public_html/demo/inarco100/admin/fonts times_new_yorker.ttf
2016.07.19 19:48 B D:\webserver\apache-2_2\htdocs\sites2016\inarco\admin\fonts\helveticai.php <-- ciber.ae /public_html/demo/inarco100/admin/fonts helveticai.php
2016.07.19 19:48 B D:\webserver\apache-2_2\htdocs\sites2016\inarco\admin\fonts\helveticabi.php <-- ciber.ae /public_html/demo/inarco100/admin/fonts helveticabi.php
2016.07.19 19:48 B D:\webserver\apache-2_2\htdocs\sites2016\inarco\admin\fonts\helveticab.php <-- ciber.ae /public_html/demo/inarco100/admin/fonts helveticab.php
2016.07.19 19:48 B D:\webserver\apache-2_2\htdocs\sites2016\inarco\admin\fonts\helvetica.php <-- ciber.ae /public_html/demo/inarco100/admin/fonts helvetica.php
2016.07.19 19:49 B D:\webserver\apache-2_2\htdocs\sites2016\inarco\admin\fonts\glyphicons-halflings-regulard41d.eot <-- ciber.ae /public_html/demo/inarco100/admin/fonts glyphicons-halflings-regulard41d.eot
2016.07.19 19:49 B D:\webserver\apache-2_2\htdocs\sites2016\inarco\admin\fonts\glyphicons-halflings-regular.woff <-- ciber.ae /public_html/demo/inarco100/admin/fonts glyphicons-halflings-regular.woff
2016.07.19 19:49 B D:\webserver\apache-2_2\htdocs\sites2016\inarco\admin\fonts\glyphicons-halflings-regular.ttf <-- ciber.ae /public_html/demo/inarco100/admin/fonts glyphicons-halflings-regular.ttf
2016.07.19 19:49 B D:\webserver\apache-2_2\htdocs\sites2016\inarco\admin\fonts\glyphicons-halflings-regular.svg <-- ciber.ae /public_html/demo/inarco100/admin/fonts glyphicons-halflings-regular.svg
2016.07.19 19:49 B D:\webserver\apache-2_2\htdocs\sites2016\inarco\admin\fonts\glyphicons-halflings-regular.eot <-- ciber.ae /public_html/demo/inarco100/admin/fonts glyphicons-halflings-regular.eot
2016.07.19 19:49 B D:\webserver\apache-2_2\htdocs\sites2016\inarco\admin\fonts\fontawesome-webfontd41d.eot <-- ciber.ae /public_html/demo/inarco100/admin/fonts fontawesome-webfontd41d.eot
2016.07.19 19:49 B D:\webserver\apache-2_2\htdocs\sites2016\inarco\admin\fonts\fontawesome-webfont862f.woff <-- ciber.ae /public_html/demo/inarco100/admin/fonts fontawesome-webfont862f.woff
2016.07.19 19:49 B D:\webserver\apache-2_2\htdocs\sites2016\inarco\admin\fonts\fontawesome-webfont862f.ttf <-- ciber.ae /public_html/demo/inarco100/admin/fonts fontawesome-webfont862f.ttf
2016.07.19 19:49 B D:\webserver\apache-2_2\htdocs\sites2016\inarco\admin\fonts\fontawesome-webfont862f.svg <-- ciber.ae /public_html/demo/inarco100/admin/fonts fontawesome-webfont862f.svg
2016.07.19 19:49 B D:\webserver\apache-2_2\htdocs\sites2016\inarco\admin\fonts\fontawesome-webfont862f.eot <-- ciber.ae /public_html/demo/inarco100/admin/fonts fontawesome-webfont862f.eot
2016.07.20 20:32 B D:\webserver\apache-2_2\htdocs\sites2016\inarco\admin\fonts\fontawesome-webfont862f.eot --> ciber.ae /public_html/demo/inarco200/admin/fonts fontawesome-webfont862f.eot
2016.07.20 20:32 B D:\webserver\apache-2_2\htdocs\sites2016\inarco\admin\fonts\fontawesome-webfont862f.svg --> ciber.ae /public_html/demo/inarco200/admin/fonts fontawesome-webfont862f.svg
2016.07.20 20:32 B D:\webserver\apache-2_2\htdocs\sites2016\inarco\admin\fonts\fontawesome-webfont862f.ttf --> ciber.ae /public_html/demo/inarco200/admin/fonts fontawesome-webfont862f.ttf
2016.07.20 20:33 B D:\webserver\apache-2_2\htdocs\sites2016\inarco\admin\fonts\fontawesome-webfont862f.woff --> ciber.ae /public_html/demo/inarco200/admin/fonts fontawesome-webfont862f.woff
2016.07.20 20:33 B D:\webserver\apache-2_2\htdocs\sites2016\inarco\admin\fonts\fontawesome-webfontd41d.eot --> ciber.ae /public_html/demo/inarco200/admin/fonts fontawesome-webfontd41d.eot
2016.07.20 20:33 B D:\webserver\apache-2_2\htdocs\sites2016\inarco\admin\fonts\glyphicons-halflings-regular.eot --> ciber.ae /public_html/demo/inarco200/admin/fonts glyphicons-halflings-regular.eot
2016.07.20 20:33 B D:\webserver\apache-2_2\htdocs\sites2016\inarco\admin\fonts\glyphicons-halflings-regular.svg --> ciber.ae /public_html/demo/inarco200/admin/fonts glyphicons-halflings-regular.svg
2016.07.20 20:33 B D:\webserver\apache-2_2\htdocs\sites2016\inarco\admin\fonts\glyphicons-halflings-regular.ttf --> ciber.ae /public_html/demo/inarco200/admin/fonts glyphicons-halflings-regular.ttf
2016.07.20 20:33 B D:\webserver\apache-2_2\htdocs\sites2016\inarco\admin\fonts\glyphicons-halflings-regular.woff --> ciber.ae /public_html/demo/inarco200/admin/fonts glyphicons-halflings-regular.woff
2016.07.20 20:33 B D:\webserver\apache-2_2\htdocs\sites2016\inarco\admin\fonts\glyphicons-halflings-regulard41d.eot --> ciber.ae /public_html/demo/inarco200/admin/fonts glyphicons-halflings-regulard41d.eot
2016.07.20 20:33 B D:\webserver\apache-2_2\htdocs\sites2016\inarco\admin\fonts\helvetica.php --> ciber.ae /public_html/demo/inarco200/admin/fonts helvetica.php
2016.07.20 20:33 B D:\webserver\apache-2_2\htdocs\sites2016\inarco\admin\fonts\helveticab.php --> ciber.ae /public_html/demo/inarco200/admin/fonts helveticab.php
2016.07.20 20:33 B D:\webserver\apache-2_2\htdocs\sites2016\inarco\admin\fonts\helveticabi.php --> ciber.ae /public_html/demo/inarco200/admin/fonts helveticabi.php
2016.07.20 20:33 B D:\webserver\apache-2_2\htdocs\sites2016\inarco\admin\fonts\helveticai.php --> ciber.ae /public_html/demo/inarco200/admin/fonts helveticai.php
2016.07.20 20:34 B D:\webserver\apache-2_2\htdocs\sites2016\inarco\admin\fonts\times_new_yorker.ttf --> ciber.ae /public_html/demo/inarco200/admin/fonts times_new_yorker.ttf
2016.07.20 20:34 B D:\webserver\apache-2_2\htdocs\sites2016\inarco\admin\fonts\weathericons-regular-webfont.eot --> ciber.ae /public_html/demo/inarco200/admin/fonts weathericons-regular-webfont.eot
2016.07.20 20:34 B D:\webserver\apache-2_2\htdocs\sites2016\inarco\admin\fonts\weathericons-regular-webfont.svg --> ciber.ae /public_html/demo/inarco200/admin/fonts weathericons-regular-webfont.svg
2016.07.20 20:34 B D:\webserver\apache-2_2\htdocs\sites2016\inarco\admin\fonts\weathericons-regular-webfont.ttf --> ciber.ae /public_html/demo/inarco200/admin/fonts weathericons-regular-webfont.ttf
2016.07.20 20:34 B D:\webserver\apache-2_2\htdocs\sites2016\inarco\admin\fonts\weathericons-regular-webfont.woff --> ciber.ae /public_html/demo/inarco200/admin/fonts weathericons-regular-webfont.woff
2016.07.20 20:34 B D:\webserver\apache-2_2\htdocs\sites2016\inarco\admin\fonts\weathericons-regular-webfontd41d.eot --> ciber.ae /public_html/demo/inarco200/admin/fonts weathericons-regular-webfontd41d.eot
2017.02.08 12:18 B E:\webserver\apache-2_2\htdocs\sites2016\sandalwood\sandalwoodbay70\admin\fonts\fontawesome-webfont862f.eot --> ciber.ae /sandalwoodbay82/admin/fonts fontawesome-webfont862f.eot
2017.02.08 12:18 B E:\webserver\apache-2_2\htdocs\sites2016\sandalwood\sandalwoodbay70\admin\fonts\fontawesome-webfont862f.svg --> ciber.ae /sandalwoodbay82/admin/fonts fontawesome-webfont862f.svg
2017.02.08 12:18 B E:\webserver\apache-2_2\htdocs\sites2016\sandalwood\sandalwoodbay70\admin\fonts\fontawesome-webfont862f.ttf --> ciber.ae /sandalwoodbay82/admin/fonts fontawesome-webfont862f.ttf
2017.02.08 12:18 B E:\webserver\apache-2_2\htdocs\sites2016\sandalwood\sandalwoodbay70\admin\fonts\fontawesome-webfont862f.woff --> ciber.ae /sandalwoodbay82/admin/fonts fontawesome-webfont862f.woff
2017.02.08 12:18 B E:\webserver\apache-2_2\htdocs\sites2016\sandalwood\sandalwoodbay70\admin\fonts\fontawesome-webfontd41d.eot --> ciber.ae /sandalwoodbay82/admin/fonts fontawesome-webfontd41d.eot
2017.02.08 12:18 B E:\webserver\apache-2_2\htdocs\sites2016\sandalwood\sandalwoodbay70\admin\fonts\glyphicons-halflings-regular.eot --> ciber.ae /sandalwoodbay82/admin/fonts glyphicons-halflings-regular.eot
2017.02.08 12:18 B E:\webserver\apache-2_2\htdocs\sites2016\sandalwood\sandalwoodbay70\admin\fonts\glyphicons-halflings-regular.svg --> ciber.ae /sandalwoodbay82/admin/fonts glyphicons-halflings-regular.svg
2017.02.08 12:18 B E:\webserver\apache-2_2\htdocs\sites2016\sandalwood\sandalwoodbay70\admin\fonts\glyphicons-halflings-regular.ttf --> ciber.ae /sandalwoodbay82/admin/fonts glyphicons-halflings-regular.ttf
2017.02.08 12:18 B E:\webserver\apache-2_2\htdocs\sites2016\sandalwood\sandalwoodbay70\admin\fonts\glyphicons-halflings-regular.woff --> ciber.ae /sandalwoodbay82/admin/fonts glyphicons-halflings-regular.woff
2017.02.08 12:18 B E:\webserver\apache-2_2\htdocs\sites2016\sandalwood\sandalwoodbay70\admin\fonts\glyphicons-halflings-regulard41d.eot --> ciber.ae /sandalwoodbay82/admin/fonts glyphicons-halflings-regulard41d.eot
2017.02.08 12:18 B E:\webserver\apache-2_2\htdocs\sites2016\sandalwood\sandalwoodbay70\admin\fonts\helvetica.php --> ciber.ae /sandalwoodbay82/admin/fonts helvetica.php
2017.02.08 12:18 B E:\webserver\apache-2_2\htdocs\sites2016\sandalwood\sandalwoodbay70\admin\fonts\helveticab.php --> ciber.ae /sandalwoodbay82/admin/fonts helveticab.php
2017.02.08 12:18 B E:\webserver\apache-2_2\htdocs\sites2016\sandalwood\sandalwoodbay70\admin\fonts\helveticabi.php --> ciber.ae /sandalwoodbay82/admin/fonts helveticabi.php
2017.02.08 12:18 B E:\webserver\apache-2_2\htdocs\sites2016\sandalwood\sandalwoodbay70\admin\fonts\helveticai.php --> ciber.ae /sandalwoodbay82/admin/fonts helveticai.php
2017.02.08 12:19 B E:\webserver\apache-2_2\htdocs\sites2016\sandalwood\sandalwoodbay70\admin\fonts\times_new_yorker.ttf --> ciber.ae /sandalwoodbay82/admin/fonts times_new_yorker.ttf
2017.02.08 12:19 B E:\webserver\apache-2_2\htdocs\sites2016\sandalwood\sandalwoodbay70\admin\fonts\weathericons-regular-webfont.eot --> ciber.ae /sandalwoodbay82/admin/fonts weathericons-regular-webfont.eot
2017.02.08 12:19 B E:\webserver\apache-2_2\htdocs\sites2016\sandalwood\sandalwoodbay70\admin\fonts\weathericons-regular-webfont.svg --> ciber.ae /sandalwoodbay82/admin/fonts weathericons-regular-webfont.svg
2017.02.08 12:19 B E:\webserver\apache-2_2\htdocs\sites2016\sandalwood\sandalwoodbay70\admin\fonts\weathericons-regular-webfont.ttf --> ciber.ae /sandalwoodbay82/admin/fonts weathericons-regular-webfont.ttf
2017.02.08 12:19 B E:\webserver\apache-2_2\htdocs\sites2016\sandalwood\sandalwoodbay70\admin\fonts\weathericons-regular-webfont.woff --> ciber.ae /sandalwoodbay82/admin/fonts weathericons-regular-webfont.woff
2017.02.08 12:19 B E:\webserver\apache-2_2\htdocs\sites2016\sandalwood\sandalwoodbay70\admin\fonts\weathericons-regular-webfontd41d.eot --> ciber.ae /sandalwoodbay82/admin/fonts weathericons-regular-webfontd41d.eot
2017.04.21 10:20 B E:\webserver\apache-2_2\htdocs\sites2016\sandalwood\sandalwoodbay150\admin\fonts\WS_FTP.LOG <-- ciber.ae /sandalwoodbay150/admin/fonts WS_FTP.LOG
2017.04.21 10:20 B E:\webserver\apache-2_2\htdocs\sites2016\sandalwood\sandalwoodbay150\admin\fonts\weathericons-regular-webfontd41d.eot <-- ciber.ae /sandalwoodbay150/admin/fonts weathericons-regular-webfontd41d.eot
2017.04.21 10:20 B E:\webserver\apache-2_2\htdocs\sites2016\sandalwood\sandalwoodbay150\admin\fonts\weathericons-regular-webfont.eot <-- ciber.ae /sandalwoodbay150/admin/fonts weathericons-regular-webfont.eot
2017.04.21 10:20 B E:\webserver\apache-2_2\htdocs\sites2016\sandalwood\sandalwoodbay150\admin\fonts\glyphicons-halflings-regulard41d.eot <-- ciber.ae /sandalwoodbay150/admin/fonts glyphicons-halflings-regulard41d.eot
2017.04.21 10:20 B E:\webserver\apache-2_2\htdocs\sites2016\sandalwood\sandalwoodbay150\admin\fonts\glyphicons-halflings-regular.eot <-- ciber.ae /sandalwoodbay150/admin/fonts glyphicons-halflings-regular.eot
2017.04.21 10:20 B E:\webserver\apache-2_2\htdocs\sites2016\sandalwood\sandalwoodbay150\admin\fonts\fontawesome-webfontd41d.eot <-- ciber.ae /sandalwoodbay150/admin/fonts fontawesome-webfontd41d.eot
2017.04.21 10:20 B E:\webserver\apache-2_2\htdocs\sites2016\sandalwood\sandalwoodbay150\admin\fonts\fontawesome-webfont862f.eot <-- ciber.ae /sandalwoodbay150/admin/fonts fontawesome-webfont862f.eot
2017.06.05 10:34 B D:\webserver\apache\htdocs\sites2016\sandal5thmay2017\admin\fonts\WS_FTP.LOG <-- ciber.ae /sandalwoodbay160/admin/fonts WS_FTP.LOG
2018.02.22 12:57 B D:\webserver\apache-2_2\htdocs\sites2016\ciber_backup\dcr2018\users\fonts\WS_FTP.LOG <-- ciber.ae /public_html/demo/dcr2018/users/fonts WS_FTP.LOG
2018.02.22 12:57 B D:\webserver\apache-2_2\htdocs\sites2016\ciber_backup\dcr2018\users\fonts\helvetica.php <-- ciber.ae /public_html/demo/dcr2018/users/fonts helvetica.php
2018.02.22 12:57 B D:\webserver\apache-2_2\htdocs\sites2016\ciber_backup\dcr2018\users\fonts\helveticab.php <-- ciber.ae /public_html/demo/dcr2018/users/fonts helveticab.php
2018.02.22 12:57 B D:\webserver\apache-2_2\htdocs\sites2016\ciber_backup\dcr2018\users\fonts\helveticabi.php <-- ciber.ae /public_html/demo/dcr2018/users/fonts helveticabi.php
2018.02.22 12:57 B D:\webserver\apache-2_2\htdocs\sites2016\ciber_backup\dcr2018\users\fonts\helveticai.php <-- ciber.ae /public_html/demo/dcr2018/users/fonts helveticai.php
2018.02.22 12:57 B D:\webserver\apache-2_2\htdocs\sites2016\ciber_backup\dcr2018\users\fonts\fontawesome-webfont862f.svg <-- ciber.ae /public_html/demo/dcr2018/users/fonts fontawesome-webfont862f.svg
2018.02.22 12:57 B D:\webserver\apache-2_2\htdocs\sites2016\ciber_backup\dcr2018\users\fonts\glyphicons-halflings-regular.svg <-- ciber.ae /public_html/demo/dcr2018/users/fonts glyphicons-halflings-regular.svg
2018.02.22 12:57 B D:\webserver\apache-2_2\htdocs\sites2016\ciber_backup\dcr2018\users\fonts\weathericons-regular-webfont.svg <-- ciber.ae /public_html/demo/dcr2018/users/fonts weathericons-regular-webfont.svg
2018.02.22 12:57 B D:\webserver\apache-2_2\htdocs\sites2016\ciber_backup\dcr2018\users\fonts\fontawesome-webfont862f.ttf <-- ciber.ae /public_html/demo/dcr2018/users/fonts fontawesome-webfont862f.ttf
2018.02.22 12:57 B D:\webserver\apache-2_2\htdocs\sites2016\ciber_backup\dcr2018\users\fonts\glyphicons-halflings-regular.ttf <-- ciber.ae /public_html/demo/dcr2018/users/fonts glyphicons-halflings-regular.ttf
2018.02.22 12:57 B D:\webserver\apache-2_2\htdocs\sites2016\ciber_backup\dcr2018\users\fonts\times_new_yorker.ttf <-- ciber.ae /public_html/demo/dcr2018/users/fonts times_new_yorker.ttf
2018.02.22 12:57 B D:\webserver\apache-2_2\htdocs\sites2016\ciber_backup\dcr2018\users\fonts\weathericons-regular-webfont.ttf <-- ciber.ae /public_html/demo/dcr2018/users/fonts weathericons-regular-webfont.ttf
2018.02.22 12:57 B D:\webserver\apache-2_2\htdocs\sites2016\ciber_backup\dcr2018\users\fonts\fontawesome-webfont862f.woff <-- ciber.ae /public_html/demo/dcr2018/users/fonts fontawesome-webfont862f.woff
2018.02.22 12:57 B D:\webserver\apache-2_2\htdocs\sites2016\ciber_backup\dcr2018\users\fonts\glyphicons-halflings-regular.woff <-- ciber.ae /public_html/demo/dcr2018/users/fonts glyphicons-halflings-regular.woff
2018.02.22 12:57 B D:\webserver\apache-2_2\htdocs\sites2016\ciber_backup\dcr2018\users\fonts\weathericons-regular-webfont.woff <-- ciber.ae /public_html/demo/dcr2018/users/fonts weathericons-regular-webfont.woff
2018.03.06 16:30 B D:\webserver\apache-2_2\htdocs\sites2016\onlinesites\dcr2018\users\fonts\WS_FTP.LOG <-- ciber /public_html/dcr2018/users/fonts WS_FTP.LOG
2018.03.06 16:30 B D:\webserver\apache-2_2\htdocs\sites2016\onlinesites\dcr2018\users\fonts\helvetica.php <-- ciber /public_html/dcr2018/users/fonts helvetica.php
2018.03.06 16:30 B D:\webserver\apache-2_2\htdocs\sites2016\onlinesites\dcr2018\users\fonts\helveticab.php <-- ciber /public_html/dcr2018/users/fonts helveticab.php
2018.03.06 16:31 B D:\webserver\apache-2_2\htdocs\sites2016\onlinesites\dcr2018\users\fonts\helveticabi.php <-- ciber /public_html/dcr2018/users/fonts helveticabi.php
2018.03.06 16:31 B D:\webserver\apache-2_2\htdocs\sites2016\onlinesites\dcr2018\users\fonts\helveticai.php <-- ciber /public_html/dcr2018/users/fonts helveticai.php
2018.03.06 16:31 B D:\webserver\apache-2_2\htdocs\sites2016\onlinesites\dcr2018\users\fonts\fontawesome-webfont862f.svg <-- ciber /public_html/dcr2018/users/fonts fontawesome-webfont862f.svg
2018.03.06 16:31 B D:\webserver\apache-2_2\htdocs\sites2016\onlinesites\dcr2018\users\fonts\glyphicons-halflings-regular.svg <-- ciber /public_html/dcr2018/users/fonts glyphicons-halflings-regular.svg
2018.03.06 16:31 B D:\webserver\apache-2_2\htdocs\sites2016\onlinesites\dcr2018\users\fonts\weathericons-regular-webfont.svg <-- ciber /public_html/dcr2018/users/fonts weathericons-regular-webfont.svg
2018.03.06 16:31 B D:\webserver\apache-2_2\htdocs\sites2016\onlinesites\dcr2018\users\fonts\fontawesome-webfont862f.ttf <-- ciber /public_html/dcr2018/users/fonts fontawesome-webfont862f.ttf
2018.03.06 16:31 B D:\webserver\apache-2_2\htdocs\sites2016\onlinesites\dcr2018\users\fonts\glyphicons-halflings-regular.ttf <-- ciber /public_html/dcr2018/users/fonts glyphicons-halflings-regular.ttf
2018.03.06 16:31 B D:\webserver\apache-2_2\htdocs\sites2016\onlinesites\dcr2018\users\fonts\times_new_yorker.ttf <-- ciber /public_html/dcr2018/users/fonts times_new_yorker.ttf
2018.03.06 16:31 B D:\webserver\apache-2_2\htdocs\sites2016\onlinesites\dcr2018\users\fonts\weathericons-regular-webfont.ttf <-- ciber /public_html/dcr2018/users/fonts weathericons-regular-webfont.ttf
2018.03.06 16:31 B D:\webserver\apache-2_2\htdocs\sites2016\onlinesites\dcr2018\users\fonts\fontawesome-webfont862f.woff <-- ciber /public_html/dcr2018/users/fonts fontawesome-webfont862f.woff
2018.03.06 16:31 B D:\webserver\apache-2_2\htdocs\sites2016\onlinesites\dcr2018\users\fonts\glyphicons-halflings-regular.woff <-- ciber /public_html/dcr2018/users/fonts glyphicons-halflings-regular.woff
2018.03.06 16:31 B D:\webserver\apache-2_2\htdocs\sites2016\onlinesites\dcr2018\users\fonts\weathericons-regular-webfont.woff <-- ciber /public_html/dcr2018/users/fonts weathericons-regular-webfont.woff
2018.03.08 08:36 B D:\webserver\apache-2_2\htdocs\sites2016\onlinesites\dcr2018\users\fonts\WS_FTP.LOG --> a2zae.com /public_html/dcr2018/users/fonts WS_FTP.LOG
2018.03.08 08:37 B D:\webserver\apache-2_2\htdocs\sites2016\onlinesites\dcr2018\users\fonts\weathericons-regular-webfontd41d.eot --> a2zae.com /public_html/dcr2018/users/fonts weathericons-regular-webfontd41d.eot
2018.03.08 08:37 B D:\webserver\apache-2_2\htdocs\sites2016\onlinesites\dcr2018\users\fonts\weathericons-regular-webfont.woff --> a2zae.com /public_html/dcr2018/users/fonts weathericons-regular-webfont.woff
2018.03.08 08:37 B D:\webserver\apache-2_2\htdocs\sites2016\onlinesites\dcr2018\users\fonts\weathericons-regular-webfont.ttf --> a2zae.com /public_html/dcr2018/users/fonts weathericons-regular-webfont.ttf
2018.03.08 08:37 B D:\webserver\apache-2_2\htdocs\sites2016\onlinesites\dcr2018\users\fonts\weathericons-regular-webfont.svg --> a2zae.com /public_html/dcr2018/users/fonts weathericons-regular-webfont.svg
2018.03.08 08:37 B D:\webserver\apache-2_2\htdocs\sites2016\onlinesites\dcr2018\users\fonts\weathericons-regular-webfont.eot --> a2zae.com /public_html/dcr2018/users/fonts weathericons-regular-webfont.eot
2018.03.08 08:37 B D:\webserver\apache-2_2\htdocs\sites2016\onlinesites\dcr2018\users\fonts\times_new_yorker.ttf --> a2zae.com /public_html/dcr2018/users/fonts times_new_yorker.ttf
2018.03.08 08:37 B D:\webserver\apache-2_2\htdocs\sites2016\onlinesites\dcr2018\users\fonts\helveticai.php --> a2zae.com /public_html/dcr2018/users/fonts helveticai.php
2018.03.08 08:37 B D:\webserver\apache-2_2\htdocs\sites2016\onlinesites\dcr2018\users\fonts\helveticabi.php --> a2zae.com /public_html/dcr2018/users/fonts helveticabi.php
2018.03.08 08:37 B D:\webserver\apache-2_2\htdocs\sites2016\onlinesites\dcr2018\users\fonts\helveticab.php --> a2zae.com /public_html/dcr2018/users/fonts helveticab.php
2018.03.08 08:37 B D:\webserver\apache-2_2\htdocs\sites2016\onlinesites\dcr2018\users\fonts\helvetica.php --> a2zae.com /public_html/dcr2018/users/fonts helvetica.php
2018.03.08 08:37 B D:\webserver\apache-2_2\htdocs\sites2016\onlinesites\dcr2018\users\fonts\glyphicons-halflings-regulard41d.eot --> a2zae.com /public_html/dcr2018/users/fonts glyphicons-halflings-regulard41d.eot
2018.03.08 08:37 B D:\webserver\apache-2_2\htdocs\sites2016\onlinesites\dcr2018\users\fonts\glyphicons-halflings-regular.woff --> a2zae.com /public_html/dcr2018/users/fonts glyphicons-halflings-regular.woff
2018.03.08 08:37 B D:\webserver\apache-2_2\htdocs\sites2016\onlinesites\dcr2018\users\fonts\glyphicons-halflings-regular.ttf --> a2zae.com /public_html/dcr2018/users/fonts glyphicons-halflings-regular.ttf
2018.03.08 08:37 B D:\webserver\apache-2_2\htdocs\sites2016\onlinesites\dcr2018\users\fonts\glyphicons-halflings-regular.svg --> a2zae.com /public_html/dcr2018/users/fonts glyphicons-halflings-regular.svg
2018.03.08 08:37 B D:\webserver\apache-2_2\htdocs\sites2016\onlinesites\dcr2018\users\fonts\glyphicons-halflings-regular.eot --> a2zae.com /public_html/dcr2018/users/fonts glyphicons-halflings-regular.eot
2018.03.08 08:37 B D:\webserver\apache-2_2\htdocs\sites2016\onlinesites\dcr2018\users\fonts\fontawesome-webfontd41d.eot --> a2zae.com /public_html/dcr2018/users/fonts fontawesome-webfontd41d.eot
2018.03.08 08:37 B D:\webserver\apache-2_2\htdocs\sites2016\onlinesites\dcr2018\users\fonts\fontawesome-webfont862f.woff --> a2zae.com /public_html/dcr2018/users/fonts fontawesome-webfont862f.woff
2018.03.08 08:37 B D:\webserver\apache-2_2\htdocs\sites2016\onlinesites\dcr2018\users\fonts\fontawesome-webfont862f.ttf --> a2zae.com /public_html/dcr2018/users/fonts fontawesome-webfont862f.ttf
2018.03.08 08:37 B D:\webserver\apache-2_2\htdocs\sites2016\onlinesites\dcr2018\users\fonts\fontawesome-webfont862f.svg --> a2zae.com /public_html/dcr2018/users/fonts fontawesome-webfont862f.svg
2018.03.08 08:38 B D:\webserver\apache-2_2\htdocs\sites2016\onlinesites\dcr2018\users\fonts\fontawesome-webfont862f.eot --> a2zae.com /public_html/dcr2018/users/fonts fontawesome-webfont862f.eot
2018.09.30 13:51 B D:\xampp\htdocs\sites_2018\rental\trypot_30092018\admin\fonts\fontawesome-webfont862f.eot --> hostdxb.com /public_html/demo/rental/admin/fonts fontawesome-webfont862f.eot
2018.09.30 13:51 B D:\xampp\htdocs\sites_2018\rental\trypot_30092018\admin\fonts\fontawesome-webfont862f.svg --> hostdxb.com /public_html/demo/rental/admin/fonts fontawesome-webfont862f.svg
2018.09.30 13:51 B D:\xampp\htdocs\sites_2018\rental\trypot_30092018\admin\fonts\fontawesome-webfont862f.ttf --> hostdxb.com /public_html/demo/rental/admin/fonts fontawesome-webfont862f.ttf
2018.09.30 13:51 B D:\xampp\htdocs\sites_2018\rental\trypot_30092018\admin\fonts\fontawesome-webfont862f.woff --> hostdxb.com /public_html/demo/rental/admin/fonts fontawesome-webfont862f.woff
2018.09.30 13:51 B D:\xampp\htdocs\sites_2018\rental\trypot_30092018\admin\fonts\fontawesome-webfontd41d.eot --> hostdxb.com /public_html/demo/rental/admin/fonts fontawesome-webfontd41d.eot
2018.09.30 13:51 B D:\xampp\htdocs\sites_2018\rental\trypot_30092018\admin\fonts\glyphicons-halflings-regular.eot --> hostdxb.com /public_html/demo/rental/admin/fonts glyphicons-halflings-regular.eot
2018.09.30 13:51 B D:\xampp\htdocs\sites_2018\rental\trypot_30092018\admin\fonts\glyphicons-halflings-regular.svg --> hostdxb.com /public_html/demo/rental/admin/fonts glyphicons-halflings-regular.svg
2018.09.30 13:51 B D:\xampp\htdocs\sites_2018\rental\trypot_30092018\admin\fonts\glyphicons-halflings-regular.ttf --> hostdxb.com /public_html/demo/rental/admin/fonts glyphicons-halflings-regular.ttf
2018.09.30 13:51 B D:\xampp\htdocs\sites_2018\rental\trypot_30092018\admin\fonts\glyphicons-halflings-regular.woff --> hostdxb.com /public_html/demo/rental/admin/fonts glyphicons-halflings-regular.woff
2018.09.30 13:51 B D:\xampp\htdocs\sites_2018\rental\trypot_30092018\admin\fonts\glyphicons-halflings-regulard41d.eot --> hostdxb.com /public_html/demo/rental/admin/fonts glyphicons-halflings-regulard41d.eot
2018.09.30 13:51 B D:\xampp\htdocs\sites_2018\rental\trypot_30092018\admin\fonts\helvetica.php --> hostdxb.com /public_html/demo/rental/admin/fonts helvetica.php
2018.09.30 13:51 B D:\xampp\htdocs\sites_2018\rental\trypot_30092018\admin\fonts\helveticab.php --> hostdxb.com /public_html/demo/rental/admin/fonts helveticab.php
2018.09.30 13:51 B D:\xampp\htdocs\sites_2018\rental\trypot_30092018\admin\fonts\helveticabi.php --> hostdxb.com /public_html/demo/rental/admin/fonts helveticabi.php
2018.09.30 13:51 B D:\xampp\htdocs\sites_2018\rental\trypot_30092018\admin\fonts\helveticai.php --> hostdxb.com /public_html/demo/rental/admin/fonts helveticai.php
2018.09.30 13:52 B D:\xampp\htdocs\sites_2018\rental\trypot_30092018\admin\fonts\times_new_yorker.ttf --> hostdxb.com /public_html/demo/rental/admin/fonts times_new_yorker.ttf
2018.09.30 13:52 B D:\xampp\htdocs\sites_2018\rental\trypot_30092018\admin\fonts\weathericons-regular-webfont.eot --> hostdxb.com /public_html/demo/rental/admin/fonts weathericons-regular-webfont.eot
2018.09.30 13:52 B D:\xampp\htdocs\sites_2018\rental\trypot_30092018\admin\fonts\weathericons-regular-webfont.svg --> hostdxb.com /public_html/demo/rental/admin/fonts weathericons-regular-webfont.svg
2018.09.30 13:52 B D:\xampp\htdocs\sites_2018\rental\trypot_30092018\admin\fonts\weathericons-regular-webfont.ttf --> hostdxb.com /public_html/demo/rental/admin/fonts weathericons-regular-webfont.ttf
2018.09.30 13:52 B D:\xampp\htdocs\sites_2018\rental\trypot_30092018\admin\fonts\weathericons-regular-webfont.woff --> hostdxb.com /public_html/demo/rental/admin/fonts weathericons-regular-webfont.woff
2018.09.30 13:52 B D:\xampp\htdocs\sites_2018\rental\trypot_30092018\admin\fonts\weathericons-regular-webfontd41d.eot --> hostdxb.com /public_html/demo/rental/admin/fonts weathericons-regular-webfontd41d.eot
2018.09.30 13:52 B D:\xampp\htdocs\sites_2018\rental\trypot_30092018\admin\fonts\WS_FTP.LOG --> hostdxb.com /public_html/demo/rental/admin/fonts WS_FTP.LOG
